
29-06-2001
  Pñc relØzes es spñlñju Desperados - Wanted dead or alive. Izieıana prasØja
 diezgan ilgu laiku. Pa vidu paspñju veikt prog÷u failu paplaıinÆjuma mai·u
 no .c uz .vc.
  Izveidoju 3D grØdu caurredzamØbu.
30-06-2001
  vlumpy atbrØvojos no Allegro izmantoıanas.
  Izveidoju speciÆlu clienta versiju lØme·a objekta struktİrai. AtbrØvojos
 no sektoru linkiem.
  Izveidoju subsektoru linkus, sektora redzamØbas pÆrbaudei serveris tagad
 izmanto vis datus. No klienta/servera neizdarØtajÆm lietÆm palicis ir tikai
 mainØto tekstİru informÆcijas sİtØıana jauniem klientiem.
  Salaboju spraitu zØmñıanu 2D gadØjumiem.
  SÆku mñÖinÆt ieviest Quake modeõus.
02-07-2001
  Turpinu darbu pie modeõiem. Portñju zØmñıanu, bet vñl neiet kÆ gribñtos.
  Ğodien ir diezgan lielas pÆrmai·as, es nopirku GeForce2 un man tagd ir Østs
 akselerÆtors. LielÆko dienas daõu pavadØju izmñÖinot da÷Ædas ar OpenGL un
 Direct3D akselerñtÆs spñles. ×paıi priecñ akselerñtais OpenGL. AtklÆjÆs arØ
 viens OpenGL bags - caurspØdØgie spraiti vispÆr nav redzami. IzskatÆs ka
 karte veic alfas testu galØgajam pikselim, nevis izejas tekstİrai.
03-07-2001
  KautkÆ salaboju caurspØdØgos spraitus.
  Ğo to pielaboju pie modeõiem, nestrÆdÆ kÆ vajag.
04-07-2001
  PilnØbÆ salaboju caurspØdØgos spraitus.
  Half-Life: Opposing Force ar akselerÆtoru beidzot iet spñlñjamÆ ÆtrumÆ, bİs
 jÆiziet.
10-07-2001
  IzgÆju Half-Life:Opposing Force - baigi labais.
  Izveidoju mipmaping iekı OpenGL, Ætruma pieaugums ir jİtams.
11-07-2001
  Uzlaboju alfa testu Direct3D. Testñju Dot3 bumpmapingu, izskatÆs soloıi,
 bet tas prasØs diezgan lielu darbu, tÆkÆ es ıaubos vai kautkas bİs.
12-07-2001
  Izveidoju "lens flares", tÆs ir no visiem gaismas objektiem, tÆpñc tÆs vñl
 nebİs pieejamas. ArØ redzamØbas pÆrbaudi vajag labÆku.
13-07-2001
  SÆku veidot jaunu lØmeni, ieviesu statisku gaismu izstarojoıiem objektiem
 iespñju definñt gaismas rÆdiusu.
14-07-2001
  Dabİju DirectX 8 SDK. Ir diezgan lielas izmai·as. No jaunajÆm Direct3D
 ØpaıØbÆm man vislabÆk patØk Vertex shaders un Pixel shaders - ar dzelzi kas
 tos atbalsta iespñjas pieaug manÆmi. Diem÷ñl mana jaunÆ GeForce2 neatbalsta
 tos.
17-07-2001
  Sa·ñmu vñstuli no puiıa kurı testñja OpenGL uz LINUX. KÆ jau varñja saprast
 viss strÆdÆ normÆli. Toties ir problñmas ar krÆsu dziõumu lielÆku par 16 bitu
 krÆsÆm, cerams ka izveidoju 32 bitu krÆsu atbalstu LINUX OpenGL versijai.
  Salaboju automapu priekı OpenGL un Direct3D.
  No lØme·a ielÆdñıanas izmetu ÆrÆ lieko, jo tagad vienmñr jÆbİt GL nodiem.
18-07-2001
  AtkÆrtoti mñÖinu ieviest modeõu atbalstu. Ğoreiz veiksmØgi. PamazÆm sÆku
 pÆriet uz md2 formÆta atbalstu.
19-07-2001
  AtbrØvojos no onseam un facesfront, iekıñji pÆrveidoju uz md2 formÆtu, t.i.
 tiek atbalstØts md2 formÆts. Pievienoju md2 formÆta modeõu ielÆdñıanu, viss
 strÆdÆ normÆli. Pñc nelielÆm pÆrdomÆm vecais mdl formÆts tika izmests ÆrÆ.
 Netaisos atbalstØt mdl formÆtu, jo to elementÆri var konvertñt md2 formÆtÆ.
 Un tÆ ir softa atbalsts md2 modeõiem. Paılaik tikai 8 bitu krÆsÆm, bet tÆ
 nav problñma. TÆpat ar OpenGL un Direct3D arØ nebİs problñmu.
20-07-2001
  Vispirms es izmetu ÆrÆ "subdivision" modeõu rendñıanu. Iespñjams ka vñlÆk
 es to pievienoıu atpakaõ. PagaidÆm jÆtiek galÆ ar parasto rendñıanu. Ieviesu
 atbalstu 16 un 32 bitu krÆsÆm. TÆkÆ viss ir kÆrtØbÆ, modeõu rendñıana tia
 pievienota pie TDrawer un ieviestas OpenGL un Direct3D versijas.
  Izmetu ÆrÆ "lens flares". NedomÆju ka ir vñrts to darØt, jo pat Quake3 to
 pñc noklusñıanas nedara. Un arØ reÆlajÆ dzØvñ normÆli tÆs nav redzamas.
  AtklÆjÆs liela kõİda - softÆ modeõi tiek zØmñti spoguõatñlÆ. Bİs darbi·ı
 rØtdienai.
21-07-2001
  Salaboju modeõu zØmñıanu softÆ.
  Apgreidoju Allegro uz jaunÆko versiju.
  OpenGL un Direct3D izveidoju teksturñtas partikles, izskatÆs nedaudz labÆk.
  Pievienoju visu nepiecieıamo modeõu atbalstam pievienojot jaunus laukus
 objektu struktİrÆs, attiecØgÆs izmai·as tØkla protokolÆ. Modeõus definñ
 prog÷os stÆvokõu tabulÆ aiz spraita kadra nummura, bet tas nav obligÆti -
 ja seko simbolu virkne, tad tas ir modelis, citÆdi stÆvoklin modeõa nav.
23-07-2001
  Izveidoju utilØtu modeõu salaboıanai Vavoom vajadzØbÆm.
  Pabeidzu izmai·as protokolÆ.
  Ja nav atni·as skrØnıotam, programma nebeigs darbu ar kõİdu, bet gan tikai
 izmetØs pazi·ojumu konsolñ. SkrØnıotu faili tagad sauksies shot$$$$.pcx.
  Spñles datu direktorija tika pÆrdñvñta uz basev, wad failu inicializÆcija
 pÆrnesta uz failu moduli.
24-07-2001
  Nedaudz uzlaboju ievadu.
  KÆdu laiku atpakaõ es Allegro sorceforge.net lapÆ pastÆstØju par problñmÆm
 ar xalleg.h, kuras tika izlabotas. Pieteicu Soundscape kõİdu.
  SÆku interesñties par sourceforge.net. PiereÖistrñjos kÆ lietotÆjs, kÆ arØ
 pieteicu Vavoom projektu. SÆku interesñties par CVS.
25-07-2001
  Pievienoju carspØdØbu modeõiem OpenGL un Direct3D versijÆs. Kas gan tik
 nav vajadzØgs softa rendñıanai - krÆsainais apgaismojums, caurspØdØba un abi
 kopÆ. Darba pietiek. Tas nozØmñ, ka otrs plÆnotais mñróis ıai versijai -
 VavoomC valodas padarØıana par objekt-orientñtu valodu - netiks realizñts
 ıajÆ versijÆ, tÆpñc nemaz neko neuzsÆkıu.
  Direct3D izmetu ÆrÆ visu, kas bija vajadzØgs priekı S3 Trio3D, kad man ir
 GeForce2, man tas vairs nav vajadzØgs, tÆpat kÆ jebkurai normÆlai 3D kartei.
  SÆku pievienot modeõus.
  sourceforge.net projekts ir pie·emts. Sagatavoju aploudot iekı CVS, ko
 vakarÆ arØ izdarØju. Tas prasØja õoti ilgu laiku, tas droıi vien ir tÆdñõ ka
 dati netiek kompresñti, õoti nepatØkami.
26-07-2001
    AtklÆju ka TASM exterdef nav obligÆti vajadzØgs norÆdØt tipu. TÆdñjÆdi visi
 eksterni tika pÆrnesti uz asm_i386.h, izveidoju kopØgu sistñmas asemblera
 moduli sys_i386.s, priekı Windows tas tiek konvertñts. Windows asemblerØ arØ
 izmetu ÆrÆ headeri un tagad .asm faili ir tØri Öenerñtie faili.
  Pievienoti gandrØz visi pirmÆ Doom monstru modeõi, nolñmu modeõus kÆrtot pñc
 tipa direktorijÆs - lai ir kÆrtØba.
  PÆrtaisØju fixmd2, tagad viss tiek definñts komandrindÆ. Atseviıóas komandas
 tiek prefiksñtas ar attiecØgu burtu, tagad to izmantot ir daudz parocØgÆk.
  Pñc nelielÆm pİlñm izdevÆs Òekoutot no CVS - bija vispirms jÆieloginojas
 CVS serverØ lai tiktu izveidota mana jİzera direktorija. Ğoreiz, atıóirØbÆ
 no aplouda, tika ieslñgta datu kompresija. AtklÆju ko dara da÷as direktØvas.
27-07-2001
  Nolñmu visiem failiem pievienot Id un Log direktØvas lai CVS automÆtiski
 dod logu kÆ tas ir da÷os citos projektos un kas man diezgan labi patØk. Pñc
 tam veicu pirmo lielo komitu. Bija diezgan liels Òakars ar failu apskates
 laikiem (kautkas saistØts ar RHIDE), bet beigÆs viss tika normÆli komitots.
 Un protams smuki tika apdeitotas direktØvas, kÆ man tas patØk.
  Salaboju apdeitu, ja trİkst modeõa. TÆpat modeõu caurredzamØba nestrÆdÆja
 jo tÆ netika atõauta. TÆ arØ nestrÆdÆja korekti, jo modeõi netika pareizi
 ıóiroti, ko es arØ izlaboju.
  AizsİtØju skrØnıotu uz DoomCenter un DoomWorld.
  Turpinu pievienot monstru modeõus. GandrØz visi Doom monstru modeõi ir jau
 pievienoti, bet vñl nepÆrbaudØti.
28-07-2001
  Salaboju modeõus objektiem, kuri netiek animñti.
  Lai samazinÆtu modeõu informÆcijas paketi direktorija models modeõa ceõÆ
 netiek rakstØta.
  Ar monstriem esmu ticis galÆ, sÆkas citi objekti.
30-07-2001
  Ar modeõiem iet uz beigÆm. TÆ izskatÆs, ka visi ir pievienoti. Bija jÆsalabo
 ieroÒu modeõu rendñıana.
  Vñl priekıÆ neliels darbi·ı pie spñlñtÆja "ÆdÆm" un ieroÒa modeõa.
31-07-2001
  Pabeidzu ar modeõiem, arØ no papildus paketes.
  Ieviesu pilno apgaismojumu modeõiem.
  SÆku darbu pie failu sistñmas. Tagad katrai atbalstØtajai spñlei ir sava
 spñles direktorija. Tagad katrai spñlei bİs savi konfigurÆcijas faili, demo
 faili un saglabÆtÆs spñles. KatrÆ spñles direktorijÆ tiek pievienoti visi wad
 faili wad0.wad, wad1.wad ... lØdz viens trİkst.
  Programmas tagad paıas nosaka kura spñles versija - normÆlÆ, shareware vai
 paplaıinÆtÆ - tiek lietota pÆrbaudot vai ir vajadzØgÆ wad iedaõa (lump).
  Nolñmu, ka titullapa un demo cikls ir jÆpÆrnes uz programmÆm. TÆdñjÆdi varñs
 atbrØvoties no vienas atkarØbas no spñles.
  Salaboju kursoru tukıÆm simbolu virknñm.
01-08-2001
  Salaboju translñtos spraitus OpenGL draiverØ - bija pÆris õoti nopietnas
 kõİdas.
  Salaboju spraita zØmñıanu spñlñtÆja konigurÆcijas menu.
  Direct3D salaboju noteikıanu, kad vajag ıóirot spraitus.
  OpenGL un Direct3D uzlaboju partikõu zØmñıanu.
  MñÖinu salabot krÆsas dziõuma mai·u OpenGL Windows verijÆ - neveicÆs. BeigÆs
 atradu iemeslu - SetPixelFormat logam var tikt lietots tikai vienu reizi.
  SienÆm vispirms meklñ tekstİru tekstİru sarakstÆ un tikai pñc tam flatos.
 Tas salaboja RaiseToTexture speciÆlu. Starp citu tajÆ es atradu vienu Doom
 oriÖimÆlo kõudu - ·em vñrÆ tekstİru 0.
02-08-2001
  Jaunie klienti tiek informñti par mainØtajÆm tekstİrÆm.
  Pievienoju trİkstoıÆs 32 bitu funkciju asemblera versijas.
  SoftÆ izveidoju modeõu zØmñıanu ar krÆsaino apgaismojumu un caurspØdØgos
 modeõus.
  NovÆcu caurspØdØbu lÆpÆm - tomñr izskatÆs labÆk.
  Direct3D izveidoju atbalstu ÆdÆm ar ne-2 pakÆpju izmñriem un lielÆkiem par
 maksimÆlu izmñru. Atbalsts itkÆ to prasa, kaut arØ tas ir õoti nevñlami.
 VisÆm ÆdÆm bİtu jÆbİt kvadrÆtiem ar 2 pakÆpes izmñriem. Pamatpaketes modeõu
 Ædas visas atbilst ıØm prasØbÆm, bet papilduspaketñ 8 Ædas neatbilst. 7 Ædas
 ar stulbÆm kõİdÆm tika izlabotas. Palika vñl plazmas ieroÒa Æda. Ar to bİs
 nedaudz jÆpadarbojas vñlÆk. GalvenÆ problñma ir tÆ, ka tas ir Quake modelis
 ar õoti platu Ædu. Puse Ædas tika pÆrnesta zem otras puses lai tÆ nebİtu tik
 plata un nedaudz augstÆka. Tagad to vajag samazinÆt lØdz 256x256. Nu ko, bİs
 jÆsÆk nodarboties ar modeõu veidoıanu.
03-08-2001
  PÆrnesu titullapu un demo ciklu uz prog÷iem. Pateicoties tam dzinim vairs
 neinteresñ vai ir paplaıinÆtÆ wad versija. Heretic-Æ shareware versijÆ fonam
 bija cits flats nekÆ reÖistrñtajÆ versijÆ. Atceõot to dzinim arØ neinteresñ
 vai ir shareware, vai nñ. AtkarØba no spñles ir kõuvusi vñl mazÆka.
  Ieviesu z-hakoıanu ieroÒu modeõiem. Tagad tie var bİt nedaudz lielÆku.
  Salaboju miglu Direct3D.
  OpenGL sÆku mñÖinÆt izmantot paplaıinÆjumus. ArØ izmetu ÆrÆ z triku.
  Beidzot man atsİtØja jautÆjumus intervijai.
04-08-2001
  OpenGL ieviesu multitekstİru atbalstu. SÆkumÆ mñÖinÆju GL_SGIS_multitexture,
 bet nestrÆdÆja. Tad pamñÖinÆju GL_ARB_multitexture. Nedaudz labÆk, bet arØ
 kaut kas nestrÆdÆja. Pñc nelielÆm pİlñm noskaidroju, ka funkciju pointeri ir
 jÆdefinñ kÆ APIENTRY, lai Windows zin kÆ pareizi tÆs izsaukt. KÆ rezultÆtÆ
 aizgÆja. PamñÖinÆju atgriezsties pie GL_SGIS_multitexture, bet nez kÆpñc tas
 nestrÆdÆja. TÆdñl es palieku pie GL_ARB_multitexture.
  Ieviesu sÆkuma versiju spñles bÆzes skriptam.
06-08-2001
  StrÆdÆju pie spñlñtÆju modeõiem un ÆdÆm. Pirmie objekti ir rezervñti priekı
 spñlñtÆju objektiem. Servera pusñ pagaidÆm tie ir tukıi un tikai apdeitojot
 klientam reÆlie spñlñtÆju objekti tiek apdeitoti kÆ pirmie. TÆdñjÆdi klients
 var atrast atbilstoıo modeli un Ædu. Katram spñlñtÆjam var bİt savs modelis
 un sava Æda. Bet pats labÆkais ir tas, ka ierocis spñlñtÆja rokÆs ir nevis
 kautkÆds mistisks ierocis, bet gan reÆlais ierocis. TÆdñjÆdi var pat redzñt
 kÆds ierocis ir oponenta rokÆs. Tas tika realizñts sekojoıi: katrÆ spñlñtÆja
 modeLa direktorijÆ jÆbİt diviem modeõiem - tris.md2 ar paıu modeli, kÆ arØ
 weapon.md2 ar trijstİri, kurı attñlo ieroÒa pozØciju un virzienu. Vñl tikai
 jÆsalabo modeõi.
  Klienta pusñ atbrØvojos no floorclip.
07-08-2001
  NormÆli redz ieroci spñlñtÆja rokÆs. Vñl tikai jÆpielabo pozØcijas, arØ BFG
 ir nedaudz par lielu. VispÆr vislabÆk bİtu, ja ierocis normÆli bİtu vñrsts uz
 priekıu.
  Atradu 2 Heretic modeõus, kurus arØ pievienoju.
  Sagatavojos scñnas rendñıanai.
  Seivgeimi ir apakıdirektorijÆ saves.
08-08-2001
  Konsole veroties ciet vairs nav aktØva.
  DOS-Æ pievienoju pÆrbaudes klaviatİras inicializÆcijai. Da÷reiz nostrÆdÆja
 aizsardzØba. Tas nozØmñ ka vairs nebİs gõuka, kad nospie÷ot tausti·u maıina
 uzkarÆs vai pÆrstartñjÆs.
  Pievienoju modeli spñlñtÆja konfigurÆcijas menu.
  SÆku optimizñt modeõu rendñıanu pievienojot asembleri.
09-08-2001
  StrÆdÆju pie modeõu zØmñıanas asemblera.
10-08-2001
  Ieviesu iepriekı aprñóinÆtas tabulas izmantoıanu 32 bitu caurspØdØbai.
  Bija vñl viens kõİda gadØjumÆ, kad nav modeõu.
  AtbrØvojos no pÆris atkarØbÆm no spñles tekstİru daõÆ. Dzinis pats atpazØst
 straifa tekstİru formÆtu un debesu tekstİru augstumi tiek pielaboti apskatot
 patÒu.
  Salaboju finÆlus - tagad tie strÆdÆ, bet vñl ıis tas ir jÆpielabo.
  PadarØju strÆdÆjoıu Straifa statusbÆru, protams ne glu÷i strÆdÆjoıu, toties
 dzinis vairs to neignorñs.
11-08-2001
  Salaboju Doom 3 epizodes finÆlu, vñl paliek Heretic 2 epizodes finÆls.
  Uzlaboju objektu apdeitu.
  Turpinu darbu pie modeõu rendñıanas asemblera.
13-08-2001
  Turpinu strÆdÆt ar asembleri.
  Izmetu ÆrÆ wipe efektus - tie jau bija atslñgti, kÆpñc turñt?
  Metodei FillRectWithFlat tiek iedoas tekstİru koordinÆtes.
14-08-2001
  Vñl divas r_alias.cpp funkcijas ir asembler.
15-08-2001
  Asembleris - vñl uzlaboju ıo to d_aliasa.s, sÆku veidot asemblera versijas
 d_edge.cpp funkcijÆm, sÆku ar D_EmitEdge.
16-08-2001
  Asemblera versija D_ClipEdge, D_EmitEdge ir inlainots.
17-08-2001
  Linux distributØva mai·a. Man tagad ir Linux Mandrake 8.0 ar kuru beidzot
 mana videokarte strÆdÆ. Diem÷ñl nestrÆdÆ OpenGL, droıivien vajadzØgi draiveri
 no nVidia.
20-08-2001
  Nolñmu prog÷os simbolu virknes padarØt par reÆliem pointeriem.
  Izveidoju video opciju menu.
  SetTexture atpazØst flatus. Tekstİru animÆcijai ir speciÆla funkcija.
  Optimizñju asemblerØ D_GenerateSpans.
  Ieviesu fl_devmode (parametrs -devgame). Izmetu ÆrÆ -devmaps.
  Lokalizñju GL/glu.h.
  Pñc noklusñıanas r_darken ir atlñgts.
22-08-2001
  OpenGL mipmapu ÖenerÆciju veicu es pats, glu vairs netiek izmantots.
23-08-2001
  Video re÷Øma mai·a ir atseviıóÆ apakımenu kÆ iepriekı.
  SÆkuma atbalsts zØmñjumiem ar citÆm paletñm. OpenGL zØmñ Heretic 2 epizodes
 finÆlu kÆ vajag.
  glVIS atpazØst visus GL lØme·us.
  SÆku darbu pie mipmapinga Direct3D.
  Praktiski atrisinÆju visas problñmas ar OpenGL uz LINUX.
  IzrÆdÆs ka Allegro ir pievienoti jauni tausti·u kodi, tagad atkal uz LINUX
 klaviatİrai strÆdÆ visi tausti·i.
24-08-2001
  Direct3D ir mipmapings.
  PrecØzÆks gaismmapu atrñóinÆıanas re÷Øms.
25-08-2001
  Windows versijÆ OpenGL draiveris tagad izveido jaunu logu rendñıanai. Tagad
 strÆdÆ video re÷Øma mai·a uz citu krÆsu dziõumu.
  AtdalØju atseviıói d3d_info.cpp.
  Ieviesu CVAR_LATCH.
27-08-2001
  Nedaudz uzlaboju objektu apdeitu.
28-08-2001
  Pievienoju Sys_FileTime, wad failu modulis to izmanto lai noteiktu, vai gwa
 fails nav vecÆks par paıu wad failu.
  Pievienoju opciju -iwad, pÆrstrÆdÆju komandlØniju parametru izmantoıanu
 spñles noteikıanÆ pñc iwad faila.
29-08-2001
  PÆrnesu rÆmi un pazi·ojumu uz prog÷iem. Pauze ir statuslØnijas sastÆvdaõa.
  Izveidoju konfigurÆjamas automama krÆsas.
  PÆrdñvñju konsoles komandas Commands par CmdList un Cvars par CvarList.
  Datagram tØkla savienoıanÆs pakete atkal sÆkas ar VAVOOM un nevis ar spñles
 vÆrdu.
  BeigÆs pilnØbÆ atbrØvojos no mainØgÆ Game. TieıÆm nedomÆju ka tik Ætri
 tikÆu ar to galÆ.
  Izveidoju objektiem ska·u kanÆlus.
30-08-2001
  Pabeidzu darbu pie objektu ska·u kanÆliem.
  Atradu kõİdu ar rullñjoıÆm tekstİrÆm un gaismÆm.
  LØme·a apdeitÆ izmantoju ÆtrÆku salØdzinÆSanu.
  AtbrØvijos no atmi·as caurumiem pñc startupa.
  FinÆla teksts LINUX versijai.
31-08-2001
  Prog÷os izmetu ÆrÆ vektoru makro.
  Pievienoju anisotropo filtrÆciju.
  Pilns bÆzes spñles skripts. ArØ spñõu identifikÆcijai ir Ærñjs skripts.
01-09-2001
  Salaboju "gibs" modeli spñlñtÆjam.
03-09-2001
  OpenGL partikõu efekts izmantojot GL_EXT_point_parameters.
  PÆrdñvñju model.cpp par r_model.cpp, salaboju modeõu keıoıanu.
04-09-2001
  Da÷i zØki labojumi.
  Nolñmu laist klajÆ.

******************************************************************************
                            VERSIJA 1.9
******************************************************************************

05-09-2001
  AtradÆs pÆris problñmas kompilñjot Linux-am kÆ ÆrØ neliels gõuks Windows
 versijÆ.
06-09-2001
  Nolñmu paskatØties kÆdas Østi izmai·as kodÆ rada exceptions un RTTI. Protams
 ka exceptions nemaina neko klasñs, bet gan pievieno kaudzi leiblu un kaut
 kÆdus tur vñl datus. RTTI izmai·as ir tikai klasñs ar virtuÆlajÆm funkcijÆm
 jur virtuÆlo funkciju tabulÆ tiek pievienota vñl viena funkcija, kura citÆdi
 ir nulles pointeris. JÆsÆk tas viss izmantot.
08-09-2001
  IzmñÖinÆju glBSP plugin-u. viss strÆdÆ normÆli. PagaidÆm tas ir tikai kÆ
 konsoles komanda.
  SÆku pÆrveidot glVIS lai izveidotu plugin-u. Tas tiks realizñts kÆ C++ klase
 ar virtuÆlajÆm funkcijÆm. Kõİdas gadØjumÆ tiks izmests exception.
10-09-2001
  glVIS plugin-s ir gatavs, pievienoju pie Vavoom, viss strÆdÆ. ArØ konsoles
 komanda.
11-09-2001
  Windows OpenGL versijÆ pievienoju loga re÷Ømu.
12-09-2001
  glVIS plaugin-Æ nolñmu Malloc un Free izveidot kÆ funkcijas pointerus darba
 Ætruma dñõ.
13-09-2001
  PÆrstrÆdÆju wad failu moduli, katrs wad fails ir kÆ objekts un ir õoti
 viegli pievienot gwa failu.
14-09-2001
  Pievienoju dinamisko gwa failu veidoıanu.
  Direct3D versijÆ pÆrgÆju uz DirectX 8 izmantojot ifdefus lai varñtu pÆriet
 atpakaõ. PÆc pÆris stundÆm viss bija kÆrtØbÆ un strÆdÆja. Bet tagad aliktÆs
 zi·as - tas ir lñns. Rendñıanas Ætruma tests deva sekojoıus rezultÆtus:
   DirectX 8 -  9,4 FPS
   DirectX 7 - 17,9 FPS
   OpenGL    - 31,2 FPS
 Tas tikai apliecina to, par cik OpenGL ir pÆrÆks.
15-09-2001
  SÆku pÆrstrÆdÆt kompilÆtoru. Pievienotas klases, var tikt definñtas metodes
 kuras var izmantot this pointeri. Metodes vÆl nav klases sastÆvdaõa.
17-09-2001
  Salaboju glBSP poliobjektu noteikıanu, vñl ir palikuıas pÆris nianses.
  Pa·ñmu no vcc preprocesoru, izveidoju to kÆ bibliotñku un pievienoju pie
 vcc. Vairs nav vajadzØgs cits kompilÆtors lai kompilñtu prog÷us.
  Pievienotas metodes pie klasñm, metodes var izmantot klases parametrus pa
 tieıo, metodes var izsaukt. ArØ jauns mainØgÆ tips classid. Klasu informÆcija
 ir pievienota virtuÆlÆs maıØnas failam.
  Sa·ñmu piedÆvÆjumu pievienoties Korax-Heritage projektam.
18-09-2001
  Pievienoju modeõus no Korax-Heritage projekta.
  Izveidoju utilØtu ar kuru var apdeitot failus nesaÒakarñjot logus.
  IznÆkusi jaunÆkÆ Allegro versija kurÆ ir izlabotas manis pieteiktÆs kõİdas.
  ÖlBSP pluginÆ sÆkot jaunu karti tiek pÆrzØmñts viss ekrÆns.
  Pievienoju atbalstu TGA modeõu ÆdÆm.
  Prog÷u klasñs virtuÆlÆs tabulas sÆkumÆ pievienoju informÆciju par klasi -
 tÆs id un izmñru.
  SÆku izmantot klases prog÷os un pÆrbaudØt kÆ tÆs strÆdÆ.
19-09-2001
  AtbrØvojos no degenmobj_t. ACS domÆtÆja klase ir definñta prog÷os.
20-09-2001
  Salaboju pÆrdefinñtÆs metodes.
  Salabiju zØmñjumu palielinÆıanu kad viena dimensija nemainÆs, tagad visi
 zØmñjumi tiek palielinÆti un nevis tiek pievienota tukıa vieta.
  Windows OpenGL versijÆ beidzot ir kõİdas message box.
  End÷inñ vairs netiek rezervñta vieta papildus laukiem, tagad tiek izmantots
 prog÷u klases izmñrs.
21-09-2001
  PÆrveidoju seivoıanu, dzinØ atbrØvojos no special_t.
  SÆku sadalØt special atseviıóÆs klasñs. Ar Doom ir pabeigts. Pie reizes es
 arØ pÆrveidoju to visu uz peldoıÆ komata laika izmantoıanu.
24-09-2001
  Pabeidzu ar Heretic un Hexen.
25-09-2001
  StraifÆ nolñmu pÆriet uz Hexen formÆtu vienkÆrıi pÆrkopñjot visu no Doom.
  Aizvietoju menu konsoles funkcijas ar vienu funkciju, kurÆ tiek iedots menu
 vÆrds tÆdñjÆdi prog÷os var pievienot jaunus menu, kurus var izsaukt ar kÆda
 tausti·a palØdzØbu.
  Pievienoju atbalstu bÆzes klases metodes izsaukıanai.
26-09-2001
  PÆrveidoju LavaInflictor par pointeri.
  SÆku ieviest atbalstu lØme·a objektu tipiem.
  makeinfo utilØtÆ pievienoju efektus, statiskÆs gaismas un objektu augstumu
 koriÖñıanu.
27-09-2001
  Katram objekta tipam ir sava klase.
  Pirmais baga reports SourceForge lapÆ. Neliela problñma ar ievada lØnijÆm -
 mÆÖinot ievadØt informÆciju uzkarÆs. Viss Ætri tika salabots.
  Izlaista jauna glBSP versija. Poliobjektu kodu vi·ı tomñr pats salaboja.
28-09-2001
  PÆrslñdzos uz jauno glBSP. Tomñr da÷us poliobjekta sektorus neatrod.
29-09-2001
  Iespñja definñt metodes iekı klases deklarÆcijas.
  Neliels uzlabojums lai paÆtrinÆtu kompileri. Diem÷ñl nav neko ÆtrÆks.
  AktØvo domÆtÆju pointeri ir kÆ pievienotie lauki.
01-10-2001
  Objektu stÆvokõu mai·as funkcijas pÆrmesu uz katru spñli.
  SÆku pÆrstrÆdÆt statusbÆru.
02-10-2001
  Preprocesors veido izejas failu atmi·Æ.
  Statusa bÆrs pÆrstrÆdÆts.
03-10-2001
  AtbrØvojos no pÆris warning-iem.
  Izlaboju gõuku Hexen-Æ, kad neatrodoties uz zemes kustñjÆs pilnÆ ÆtrumÆ.
04-10-2001
  AtdalØju atseviıói pazi·ojumu tekstu un centra teksta funkcijas.
  Implementñju atliuıos konsoles mainØgo karodzi·us.
  KonfigurÆcijas fails tiek saglabÆts izmantojot strØmus.
05-10-2001
  SÆku zimantot exception-us.
  Da÷Ædas klienta un servera lØme·u struktİras.
  Konsole tiek zØmñta ar mazÆkiem burtiem.
  Óetri va buferi.
  PÆrnesu visu no v_draw.cpp uz r_ moduõiem.
  Sa·emot servera informÆciju klients nomet signons uz 0, vairs nav vajadzØga
 komanda Reconnect.
  AtrisinÆju problñmu ar objektu z-koordinÆti virs İdens.
  NezØmeju tekstİru 0.
06-10-2001
  RadÆs vñlme sÆkt savu lØmeNa redaktoru, ko es arØ sÆku realizñt. Protams
 zØmñıanai es izmantoju OpenGL. IzskatÆs jauki.
  Atbilde no Korax-Heritage puiıiem ar jautÆjumu kÆ izveidot slØpÆs virsmas
 un 3D-grØdas, bİs jÆraksta dokumentÆcija.
08-10-2001
  PÆrdñvñju p_info.cpp par mapinfo.cpp ar attiecØgu header failu.
  Dzinis tagad atgrie÷ pointeri uz serveru sarakstu, dzinØ tas tagad ir tØkla
 daõÆ.
09-10-2001
  Pievienoju debesu zØmñıanas sÆkıanas un beigıanas metodes.
  Salaboju lØme·u ielÆdi no atseviıóiem failiem.
  Pñc noklusñıanas klasei nevar izmantot lauku pievienoıanu.
  Uzlaboju statistiku sİtØıanu.
  Salaboju slñd÷u ska·u.
  Prog÷os katra spñle definñ savu mobj_t. StatiskÆs gaismas pÆrnesu uz katras
 spñles prog÷iem. Serverim ir savs definØciju fails.
10-10-2001
  KÆ apsolØju RambOrc, ieviesu spraitu zØmñıanu lØdzØgi kÆ DoomsDay dzinØ.
  PapildinÆjumi pie MAPINFO skripta. Tiek definñts noslñpuma lØmenis, debesu
 kubs un, pats interesentÆkais, lØme·u nummuru norÆdes uz lØme·u vÆrdiem.
  Hexen sÆk spñli lØmenØ ar warptrans 1 (kÆ oriÖinÆli).
  Debesu dati salikti struktİrÆ.
  Skripti devmodñ tiek lÆdñti no faila.
  Iedevu Korax' Heritage komandai testñıanai ala versiju.
11-10-2001
  UzÆtru roku uzcepu utilØtu, kas pÆrveido tekstİru sarakstu par skriptÆ un
 otrÆdi.
12-10-2001
13-10-2001
  Atbalsts ÆdÆm ar jebkuru paleti.
  Atseviıóa klase raóetñm.
  Iespñja atslñgt dinamiskÆs gaismas.
  Miglas parametru konsoles mainØgie.
15-10-2001
  Hexen prog÷os da÷as fizikas funkcijas ir metodes. Raóeıu klasei ir savas
 fizikas metodes.
  Pñc noklusñıanas ir izslñgta Quake modeõu gaismoıana.
  Pilns TGA faila visu zinÆmo formÆtu atbalsts, TGA skrØnıoti.
16-10-2001
  Izveidoju debesu kuba skriptu, viss strÆdÆ perfekti.
  Nedaudz uzlaboju slØdñıanu uz slØpÆm virsmÆm.
  RadÆs vñlme pÆriet uz peldoıÆ komata le·óiem.
17-10-2001
  SpñlñtÆja skatØınÆs le·ói caur spñlñtÆja struktİru.
  Klienta pusñ tiek izmantoti peldoıÆ komata le·ói.
  Vairs neslØd uz ne pÆrÆk slØpÆm virsmÆm.
  Hexen vñl pÆris domÆtÆji izmanto peldoıÆ komata laiku. Vñl ir palikıu tikai
 poliobjektu rotñıanas domÆtÆji, kuriem vispirms derñtu peldoıÆ komata le·ói.
  Miglas konsoles mainØgie ir kopØgi.
  Atradu kõİdu glBSP kuras dñõ tika sapists REJECT.
18-10-2001
  glVIS tagad arØ veido REJECT datus, ja GL-nodi ir wad failÆ.
19-10-2001
  ObjektÆ tipa nummurs aizvietots ar klases identifikÆtoru.
  SÆku pilnu le·óu floatifikÆciju. PilnØbÆ pabeidzu dzini, rpog÷os visas
 iebİvñtÆs funkcijas izmanto peldoıÆ kamata le·óus. Doom prog÷i jau strÆdÆ.
20-10-2001
  Pabeidzu ar le·óiem pÆrñjÆs spñlñs.
22-10-2001
  PilnØbÆ atbrØvojos no veco le·óu paliekÆm.
23-10-2001
  Pievienoju vñl pÆris Heretic un Hexen modeõus.
  Pñc lİguma ieviesu gammu OpenGL un Direct3D draiveros.
24-10-2001
  Hexen nolñmu nedaudz savÆdÆk izmantot objekt-orientÆciju fizikÆ.
  Vavoom C atbalsts konstruktoriem un destruktoriem.
25-10-2001
  Iespñja definñt papildus konsoles mainØgos.
  Praktiski visas Hexen fizikas funkcijas ir metodes.
  Dabİju Cammand & Conquer: Yuri's revenge - tas bİs uz kÆdu nedñõu.
27-10-2001
  Nelielas problñmas ar tekoıo glVIS versiju, kuras tika Ætri izlabotas.
29-10-2001
  DamageMobj ir metode.
31-10-2001
  PÆrstrÆdÆju debesu zØmñıanu.
02-11-2001
  Pabeidzu debesis.
06-11-2001
  Piebeidzu Yuri's revenge - labais!
  Objektu lauki tiek inicializñti konstruktorÆ.
  SÆku darbu pie referenÒu ievieıanas vcc.
07-11-2001
  Klasu references strÆdÆ normÆli.
08-11-2001
  PÆrnesu ievada lØnijas funkcijas uz prog÷iem.
  Atradu kõudu kuras dñõ izmeta bojÆtu tØkla paketi.
  Pievienoju "spekulÆrÆs" gaismas.
  Pievienoju funkcijas failu saraksta iegİıanai. Seivgeimi tagad atrod visus
 lØme·us, arØ tos ar nestandarta nosaukumiem.
09-11-2001
  Sagatavoju visu relØzei - testñju, pielaboju sØkas kõİdi·as, aploudoju to
 visu iekı CVS un rakstu dokumentÆciju.
10-11-2001
  RelØze. GalvenokÆrt dokumentÆcijas rakstØıana.

******************************************************************************
                            VERSIJA 1.10
******************************************************************************

26-11-2001
  Tikko pabeidzu Deus Ex - baigi labais.
  Nedaudz paÆtrinÆju kompilÆtoru.
  Windows versijÆ konsoles mainØgie sistñmas tausti·u un augstÆs prioritÆtes
 atslñgıanai.
  Iespñja ielÆdñt skripta testa pakotni.
  Nolñmu skriptÆ ieviest atslñgvÆrdu self, kas bİs reference uz objektu.
27-11-2001
  MSG_Select vietÆ tagad ir divas funkcijas.
  Nolñmu ieviest bÆzes klasi visiem skripta objektiem.
  SÆku praktiski izmantot objektu references, atslñgvÆrds self arØ strÆdÆ.
  SÆku visos skriptos pÆrveidot fizikas funkcijas par metodñm.
  Ieviesu speciÆlu tØkla draiveri botiem. NormÆli tika radØts bots. Tikai
 paılaik vi·ı neko nedara.
  NokaÒÆju DeusEx SDK, rØt bİs jÆpamñÖina.
28-11-2001
  Atkal uzinstalñju MSVC. PamñÖinÆju kompilñt, atradÆs pÆris kõİdas.
  Ieviesu none kÆ tukıo referenci.
  Turpinu pÆrveidot Doom fizikas funkcijas par metodñm.
  NormÆli noinstalñju DeusEx SDK, ekstraktñju skriptu kodus. Bİs kur smelties
 informÆciju AI veidoıanÆ.
29-11-2001
  PapildinÆju plakni ar papildus laikiem.
  SÆku pÆrstrÆdÆt menu.
  ArØ Heretic un Strife fizikas funkcijas ir metodes.
30-11-2001
  AtklÆju nopietnu problñmu ar mantotÆs funkcijas izsaukıanu. VecÆka virtuÆlÆ
 funkcija neko nedod - glu÷i pretñji, izsaucot vecÆka funkciju kura savukÆrt
 izsauc tÆs vecÆka funkciju ØstenØbÆ izsauc sevi, kÆ rezultÆtÆ tur viss ·em un
 ieciklojas. Tas arØ bija iemesls kÆpñc mani pÆrveidojumi Hexen neizdevÆs.
 RadÆs ideja konstruktorÆ un destruktorÆ iedot virtuÆlo tabulu kÆ parametru,
 bet citÆm metodñm tas nederñs.
  MñÖinÆju tÆlÆk pÆrveidot menu, bet augıminñtÆ iemesla dñõ tas neizdevÆs.
01-12-2001
  AtrisinÆju vakar atrasto problñmu õoti vienkÆrıÆ veidÆ - izsaucot pa tieıo.
  Ieviesu VObject, veidoıu struktİru lØdzØgi Unreal dzinim.
  TØkla spñlñ atdzimstot bija ıóØbs ekrÆns - atrisinÆts.
03-12-2001
  Bija vajadzØgs vñl viens operÆciju kods, kad netieıas izsaukıanas funkcijas
 parametrs ir vektors.
  Skriptos konstruktors vietÆ tiek izmantots defaultproperties.
  SÆku pievienot SkullTag botus.
04-12-2001
  Salaboju spñlñtÆju modeõus, tagad lØóiem saglabÆjas modelis un Æda.
  Boti strÆdÆ. Tas ir cool! Kaut gan Øpaıi sajİsmÆ par vi·u intelektu es
 neesmu.
  Salaboju MSVC savietojamØbu, ar MSVC normÆli kompilñjas un strÆdÆ.
05-12-2001
  Skatos kautko priekı VObject.
  Nedaudz piestrÆdÆju pie kompilatora.
06-12-2001
  Pievienoju dinamisko masØvu sagataves klasi. TÆ ir õoti laba lieta. Ar kuru
 õoti viegli var atbrØvoties no ierobe÷ojumiem.
07-12-2001
  Pateicoties dinamiskajiem masØviem atbrØvojos no animÆciju un slñd÷u skaita
 ierobe÷ojumie.
  SÆku pÆrveidot stÆvokõu funkcijas par metodñm. Izmantojot tieıo funkcijas
 numuru nav atıóirØibas.
08-12-2001
  Turpinu darbu pie stÆvokõu funkciju pÆrveidoıanas par metodñm. Ar Doom
 tÆkÆ bİtu pabeights.
10-12-2001
  StÆvokõu funkciju pÆrveidoıana par metodñm turoinÆs pie citÆm spñlñm.
11-12-2001
  AtdalØju atsevoıói ieroÒu stÆvokõus, funkcijas ir ieroÒa objekta metodes.
13-12-2001
  SkriptÆ nomainØju atslñgvÆrdu extern pret native.
  Skriptos atbalsts dinamiskajai tipu mai·ai. Windows-Æ negrib strÆdÆt.
  PÆrveidoju CVar_ funkcijas par statiskÆm TCvar metodñm.
  Salaboju kÆrıanos pñc plak·u struktİras paplaıinÆıanas.
  DomÆtÆju saraksts bez VThinker objekta izmantoıanas.
  Skripta koda patÒoıana.
  VObject kods tiek ieviests praksñ.
14-12-2001
  Viss ko skriptu kodÆ var nopatÒot ir nopatÒots.
  MSVC pievienoju asemblera failu kompilñıanu.
  SÆku lietot praksñ VClass objektus, tipu identifikÆcija izmantojot klases.
15-12-2001
  Man nedeva mieru viena lieta - Windows normÆli izsauc iebİvñtÆs funkcijas,
 tÆdñjÆdi es pamñÖinÆju atrisinÆt C++ funkcijas tieıÆs izsaukıanas problñmu
 izmantojot netieıo izsaukıanu. RezultÆts - veiksmØgs.
  Visas skripta izpildes metodes ir statiskas, objektu spaunoıana nav TProgs
 sastÆvdaLa. Korekti tiek reÖistrñtas un izmantotas iebİvñtÆs klases.
17-12-2001
  VisÆm spñlñm pievienoju poliobjektus.
  Pievienoju FArchive, nedaudz pÆrveidoju seivoıanu.
  Izmantoju savas vecÆs AngleMod metodes, jo tÆs ir precØzÆkas.
18-12-2001
  LielÆkÆ daõa Hexen lØniju speciÆlo funkciju ir visÆs spñlñs.
  Pievienoju globÆlu nosaukumu apakısistñmu.
20-12-2001
  AtbrØvojos no thinker-u saraksta.
  No Entity izmetu ÆrÆ type, jo tÆ vietÆ var izmantot lauku Class vai metodi
 IsA.
  Pievienoju miskastes savÆkıanas sÆkuma variantu. Metode Destroy neiznØcina
 uzreiz, bet gan maróñ objektu kÆ iznØcinÆtu un reÆlÆ iznØcinÆıana notiek
 miskastes savÆkıÆnas laikÆ.
  Izmetu no skriptiem destruktorus un C++ stila konstruktorus, kÆ arØ visu
 lieko no virtuÆlo funkciju tabulas.
21-12-2001
  Pabeidzu lauka type izmeıanu. AtdalØju VClass atseviıóÆ failÆ. Salaboju
 seivoıanu, classid lauki tiek korekti apstrÆdÆti.
22-12-2001
  Visi spñles laikÆ izmantotie funkciju numuri un globÆlo mainØgo indeksi
 tiek atrasti ielÆdes laikÆ.
27-12-2001
  SkriptÆ spawnhealth tagad tiek inicializñts funkcijÆ OnMapSpawn.
  Atradu kÆpñc tik daudz tiek lietots strcmp - 2D zØmñjumu informÆcijas
 iegİıanÆ, pÆrveidoju tÆ, lai informÆcija tiktu lasØta tikai vienreiz. ArØ
 CheckHeap prasa daudz.
28-12-2001
  SpñlñtÆja informÆcija tiek sİtØta tikai savienojuma sÆkumÆ.
  PÆris sØki labojumi pñdñjÆ brØdØ.
  PÆrsteidzoıi ir tas, ka relØzes versijÆ lØme·u ielÆde ir daudz ÆtrÆka.

******************************************************************************
                            VERSIJA 1.11
******************************************************************************

02-01-2002
  Salaboju Straifa galveno menu.
  Pievienoju guard makors.
  glVIS pÆrslñdzos no float uz double.
03-01-2002
  Salaboju ieroÒus.
  Pievienoju SDL portu.
04-01-2002
  Salaboju ıóØbo ekrÆnu pñc nÆves.
  P_CheckSight pievienota aizsardzØba kas atrisina problñmas ar botiem.
07-01-2002
  IzmainØju autortiesØbu gadu.
  glBSP izmai·as poliobjektu kodÆ.
08-01-2002
  Pievienoju vcc nosaukumu apakısistñmu.
09-01-2002
  Pievienoju atbalstu EDGE 3D grØdÆm.
  SÆku izmantot nosaukumus progs failÆ un kompilÆtorÆ.
10-01-2002
  PamñÖinÆju nokompilñt ar MinGW. Diem÷ñl nav ska·as, Direct3D nemñÖinÆju. Bet
 galvenÆ problñma ir tÆ, ka ir vajadzØgs -fvtable-thunks, kas nozØmñ ka ir
 jÆpÆrkompilñ libstdc++.a, tÆdñõ atbalsts MinGW pagaidÆm nebİs.
  SkriptÆ pievienoju vÆrdu tipu "name", izmetu ÆrÆ atbalstu skaitõiem bez
 zØmes.
  Ska·u saraksts kÆ dinamisks masØvs, izmanto vÆrdu sistñmu.
11-01-2002
  Pievienoju dinamisko simbola virk·u klasi.
  SÆku izmantot nosaukumus skriptÆ. Visi spraitu, modeõu, ska·u un sekvenÒu
 vÆrdi ir ar nosaukuma tipu.
12-01-2002
  Objektu ska·as tiek inicializñtas ar nosaukumu palØdzØbu.
  StÆvokõu tabulÆs aizvietoju funkcijas pointeri ar stÆvokõa kodu.
  Aizvietoju pÆris C stila tipa pÆrveidoıanas ar diamisko tipu pÆrveidoıanu.
14-01-2002
  LØme·a speciÆlu kodÆ aizvietoti daudzi pointeri ar referencñm.
  Ieviesu relatØvo un absolİto pozØcijas pÆrbaudi.
15-01-2002
  PÆrnesu visu no Entity uz Actor, sÆkıu veidot Entity kÆ kopñju klasi.
  PÆrdñvñju objektu laukus uz vÆrdiem ar lielo sÆkuma burtu.
  Viens puisis ieteica pÆris uzlabojumus. Nav slikti.
16-01-2002
  PÆris uzlabojumu sakarÆ ar P_TouchSpecialThing. Augstums tiek pÆrbaudØts
 iepriekı un atbilst priekımeta augstumam.
  Hexen pÆrdñvñju objektu klases. Baigais darbs.
17-01-2002
  PÆrdñvñju objektu klases pÆrñjÆs spñlñs. AtıóirØba no Hexen ir õoti jİtama.
  Objekta nummurs lØme·a redaktorÆ tagad tiek norÆdØts klases definØcijÆ.
  Izlaboju kõİdas ar Hexen klasñm un Heretic un Hexen statusbÆriem.
18-01-2002
  SÆku darbu pie atbrØvoıanÆs no C stila tipu mai·Æm, citiem vÆrdiem sakot
 pie menu.
19-01-2002
  Turpinu darbu pie menu. LielÆkÆ daõa menu ir mantotas no MenuScreen.
 Ieviesu izvñles bÆzes klasi un izvñõu sarakstu.
  Windows versijÆ salaboju 32 bitu re÷Ømu.
21-01-2002
  PilnØbÆ visi menu ir mantoti no MenuScreen.
  Menu kursors kÆ atseviıós objekts.
  Klasu konstruktori bez nosaukumiem.
  MSVC nevajadzØgie warning-i tiek aizliegti.
22-01-2002
  Menu nosaukuma objekts. LielÆkÆ daõa izvñõ·u tipu kÆ objekti.
23-01-2002
  Pabeidzu darbu pie menu. PareizÆk sakot - pagaidÆ. Visi izvñõ·u lauki ir kÆ
 objekti. Bet pats galvenais kÆdñõ es to darØju bija atbrØvoıanÆs no C stila
 tipu pÆrveidoıanas. Nu tas ir izdarØts un kompilÆtors to vairs neatbalsta.
24-01-2002
  AtdalØju Entity klasi atseviıóÆ kopñjÆ failÆ, pievienoju stÆvokõa mai·as
 funkcijas.
  Pievienoju Touch funkciju Actor klasei.
  MF2_PASSMOBJ aizvietoju ar inversu flagu MF2_NOPASSMOBJ.
  JohaidØ! 35 kadru imitÆcija serverØ tieıÆm radØja "lñnÆs kustñıanÆs" efektu.
 Nomainot kadra laiku uz drusci· palielinÆtu laiku atrisinÆja ıo problñmu.
25-01-2002
  Kaudze funkciju pÆrveidotas par Actor funkcijÆm.
  Vismaz viens cilvñks bija õoti ieinteresñts dzirdot par "lñnÆs kustØbas"
 baga izlaboıanu. Un tas patieıÆm ir labs iemesls izlaist jaunu versiju kurÆ
 visi atrastie bagi ir izlaboti. DomÆju to izdarØt rØt.
26-01-2002
  Pievienoju konsoles mainØgos DirectSound3D parametriem.
  Tika laista klajÆ versija 1.11.2.
  Salaboju dinamisko tipu pÆrveidoıanu.
29-01-2002
  Salaboju superıotgana vertikÆlo rotÆciju.
  Kaudze funkciju ir Actor funkcijas, aizvietoti kaudze pointeru ar klasu
 referencñm.
  VisÆm spñlñm ir MCROSS un PCOSS flagi.
  Heretic salaboju podu teleportÆciju.
  Salabiju Hexen lØme·u mİziku.
  Uzlaboju response failus.
  Pievienoju DirectSound3D minimÆlo distanci un problñma tika atrisinÆta.
  Salaboju spñlñtÆju objektu apdeitu.
30-01-2002
  IebİvñtÆs funkcijas var tikt definñtÆs klases definØcijÆ.
  UtilØtos aizvietoju pointerus ar referencñm.
  Salaboju Hexen statusbÆra tØkla spñles gemus.
  DzinØ FFunction pointeri visur tieıÆm ir FFunction pointeri un nevis int
 mainØgie.
01-02-2002
  Salaboju pÆrÆk garos Heretic finÆla mesid÷us.
  Salaboju lidoıanas pÆrtraukıanu.
  TeleportNewMap bez argumentiem nestrÆdÆ, ja nav starp lØme·iem. Tam bİtu
 jÆatrisina problñma tØkla spñlñ kad pÆrlec lØme·iem.
  Iespñjams ka iemesls kÆpñc atseviıóajam klientam ir jÆpieslñdzas no jauna
 ir tas ka sİtot servera informÆciju tØkla sokets ir aiz·emts.
  SÆkuma versija ddf2vc konverterim var tikt nokompilñta.
02-02-2002
  IterÆtoru funkcijÆs klasu pointeri aizvietoti ar referencñm.
04-02-2002
  SÆku sadalØt flagus boolean mainØgajos. PagaidÆm tie ir 4 baitu mainØgie un
 ıØ darbØba õoti palielinÆs struktİru izmñrus, bet brØzumÆ tiks ieviesti bool
 mainØgie.
05-02-2002
  Turpinu ar flagiem.
  Pievienoju Hexen botus.
06-02-2002
  Pabeidzu ar flagiem.
  Salaboju vadØbas tausti·u menu kursoru kÆ arØ noklusñto kursora pozØciju
 grİtØbas pakÆpes menu.
07-02-2002
  PÆrnesu CheckPosition un Entity failu.
08-02-2002
  AtbrØvojos no spraitu vÆrdu konstantñm. PiestrÆdÆju pie P_CheckRelPosition.
  ForumÆ viens iedeva linku kur var nokaÒÆt pilnu Strife.
09-02-2002
  NokaÒÆju Strife, bİs nekavñjoties jÆiziet.
13-02-2002
  Pabeidzu Strife, vienkÆrıi super spñle, tas nekas ka grafika ir novecojusi
 un ievads nav Øpaıi ñrts neskatoties uz to ka vecie Doom laiki tika pavadØti
 ar ıÆdu ievadu.
  PÆrdñvñju parametru origin uz Origin.
  Strife versijÆ 1.2 ir izmainØts sarunu skriptu formÆts. TajÆ ir iekõauts
 bildes un ska·as vÆrds.
14-02-2002
  VÆrdu pÆrdñvñıana visiem pÆrñjiem Entity laukiem. Pievienoju lauku Sector
 un flagu bIsPlayer. Pievienoju StepSpeed, jo tas nav glu÷i Ætrums bet gan
 soõa izmñrs.
  Salaboju Hexen minotauru.
  Salaboju botus pñc lØme·a mai·as.
15-02-2002
  Izmetu ÆrÆ iepriekı atrastos ska·u indeksus.
  PÆris uzlabojumi Strife.
  PÆrdEvñju laukus dzinØ.
16-02-2002
  Ieviesu bool mainØgos.
  Pievienoju lØniju teleportus un caurredzamas lØnijas.
  Ceru ka salaboju problñmu kad ne-lokÆlie klienti nemainØja lØmeni.
18-02-2002
  player_t un ViewEntity lauku pÆrdñvñıana, ska·as funkcijas pieder Entity.
 AizvÆcu no stÆvokõu tabulas misc1 un misc2 laukus, bet beigÆs vairs nekas
 neiet.
19-02-2002
  Atradu kõİdu kÆpñc kÆrÆs.
20-02-2002
  Strife tagad pievieno arØ voices.wad.
21-02-2002
  P_CheckRelPosition ir kopØgs.
22-02-2002
  PÆrñjo Actor un player_t lauku pÆrdñvñıana.
23-02-2002
  Kaudze funkciju tagad ir Actor funkcijas.
25-02-2002
  KompilÆtorÆ pievienoju speciÆlo lauku tipu informÆcijas eksportu. AtklÆju
 ka Hexen virtuÆlÆs tabulas aiz·em pusmegabaitu. SadalØıana klasñs ıo skaitli
 noteikti samazinÆs.
26-02-2002
  Salaboju Hexen tØkla spñles menu un citas menu problñmas.
  Spñõu seivoıana izmanto lauku tipu informÆciju, vÆrdi, references un klasu
 pointeri tiek apstrÆdÆti automÆtiski.
  Aizvietoju target ar Enemy un Owner, meklñtÆjraóetes tagad var izmantot
 Target kÆ mñróa pointeri.
27-02-2002
  Ieviesu ieroÒu klases. Hexen tÆs ir smuki sakÆrtotas.
  Pievienojot spekulÆrÆs gaismas tiek atslñgta migla.
28-02-2002
  LietotÆja interfeisÆ pievienoju Pad-Enter atbalstu.
  PÆrdñvñju Enemy atpakaõ uz Tatget.
  SakÆrtoju ieroÒu klases Heretic un Strife.
  Pievienoju komandu MapList.
01-03-2002
  SÆku sakÆrot Hexen monstru klases savos failos.
  Uzlaboju redzamØbas pÆrbaudi ar trØs stariem.
02-03-2002
  PrincipÆ esmu beidzis ar Hexem monstru klasñm.
04-03-2002
  Ieviesu flagus bColideWithWorld un bColideWithThings.
  Mainot lØmeni pazuda ierocis. Iemesls izrÆdÆs bija tas, ka mainot lØmeni
 tiek pa jaunu inicializñti ieroÒu spraiti un boti. Pievienoju jaunu funkciju
 PutClientIntoServer kurÆ tiek inicializñti ieroÒu spraiti un boti, un tas
 notiks tikai vienu reizi.
  Hexen atdalØju atseviıói spñlñtÆju objektu definØcijas.
05-03-2002
  Pievienoju visu nepiecieıamo atbalstu iebİvñto funkciju definñıanai Ærpus
 pr_cmds.cpp.
  Entity tagad ir iebİvñta klase, tÆs funkcijas ir iebİvñtas.
06-03-2002
  GravitÆte ir atkarØga no masas. GravitÆtes funkcija ir iebİvñta.
07-03-2002
  AtbrØvojos no funkciju pointeriem. SetState ir iebİvñtas, pÆrñjÆs izmanto
 funkcijas vÆrdu.
  Salabiju "Tome of power"
08-03-2002
  CheckOnMobj ir iebİvñts.
09-03-2002
  Hexen pÆris mainØgie pÆrnesti no Actor us Pawn. ThrustFloor klases pÆrnestas
 uz savu failu. Izveidoju klasi Pickup.
11-03-2002
  Klasñm var lietot atslñgvArdus abstract un native.
  cprint nav vajadzØgs \n beigÆs.
  Nodarbojos ar Hexen paceõano objektu sakÆrtoıanu. PagaidÆm viss ir pÆrnests
 uz inter.vc kurÆ arØ tiek veidotas kopñjÆs bÆzes klases.
12-03-2002
  Pabeidzu ar Hexen paceõamÆjiem priekımetiem.
14-03-2002
  PamatØgs darbs pie Hexen. PilnØbÆ atbrØvojos no mobj_t.
15-03-2002
  Heretic ieviesu Pawn klasi.
16-03-2002
  Pievienoju speciÆlu operÆcijas kodu virtuÆlÆs funkcijas ielikıanai stekÆ.
  Kaudze funkciju no user.vc un usersubs.vc is PlayerPawn funkcijas.
  UzskaistinÆjumi Doom.
  Izlaidu treıo beta versiju.
18-03-2002
  Izveidoju utilØtu tekstİru pÆrdñvñıanai priekı Korax' Heritage.
19-03-2002
  Darbs ar Heretic pa·emamajiem priekımetiem.
  Pievienoju atbalstu DeepSea augstajiem patÒiem.
  MñÖinÆju ieviest atbalstu tekstİru izmñru koeficientiem. Kautkas sadalØıanÆ
 nestrÆdÆ.
20-03-2002
  VisÆs spñlñs atbrØvojos no mobj_t, cik iespñjams funkcijas pieder klasñm.
 ArØ klasu pointeri tiek aizvietoti ar referencñm. ArØ nolñmu tomñr pÆrdñvñt
 Target par Enemy un Owner par Instigator.
  Pa jaunu nohakoju Strife, ıoreiz no reÖstrñtÆs versijas exe faila un atradu
 ka ir pÆris izmai·as. Bİs ko darØt pñc relØzes.
21-03-2002
  Salaboju Archvile bagu.
  Salaboju Heretic menu slaiderus.
  Salaboju negatØvos fragus.
  VienspñlñtÆja re÷ØmÆ izmantoju Òetrreiz lielÆku tØkla paketes buferi.
  Daõñji atbrØvojos no texorg.
  Atradu kõİdu poligonu sadalØıanÆ. Tekstİru izmñru koeficienti strÆdÆ.
22-03-2002
  Salaboju minotaurus tØkla spñlñs - vienkÆrıi vi·ı tika uzreiz iznØcinÆts jo
 bija atkarØgs no nomonsters.
  Nolñmu tomñr kautko padarØt ar DDF konverteri. SÆku eksportñt objektu
 klases.
23-03-2002
  Izlaidu ceturto beta versiju.
25-03-2002
  Doom un Strife pÆrveidoju itemu respaunu lØdzØgi tam kÆ to dara Heretic un
 Hexen.
  SakÆrtoju tekstİru palielinÆıanu. PilnØbÆ atbrØvojos no texorg.
26-03-2002
  AtbrØvojos no SetStateNF.
  PÆrveidoju Heretic sektoru speciÆlus ZDoom stilÆ.
27-03-2002
  NovÆcu pÆrbaudi uz objekta raóetñm.
  Salaboju D'Sparil-a burvju izsaukıanu.
  Salaboju Hexen nepareizos ieroÒu vÆrdus.
  Uzlaboju Hexen gaismas speciÆlo funkciju.
  PalielinÆju gaismas karıu tekstİru skaitu.
  PÆrbaudØju palielinÆtÆs tekstİras, strÆdÆ lieliski.
28-03-2002
  Pñdñjais kas bija palicis no pÆrdñvñjamajiem laukiem - mo player_t struktİrÆ
 tika pÆrdñvñts.
  Tika izlabotas vñl pÆris kõİdas.

******************************************************************************
                            VERSIJA 1.12
******************************************************************************

08-04-2002
  vlumpy pievienoju tga atbalstu un 15 bitu vpic veidoıanu.
11-04-2002
  Tick funkcija.
  TryMove iebİvñta.
19-04-2002
  SÆku darbu pie Strife datu tabulu apvienoıanas. Dati tika ienesti makeinfo
 utilØtÆ.
20-04-2002
  SÆku darbu pie skripta. Ir viss nepiecieıamais lai kompilñtu.
22-04-2002
  Ieviesti lØdz ıim lietotie stÆvokõu, priekımetu un ska·u vÆrdi.
  Apvienoti ieroÒi. NekÆdu atıóirØbu.
23-04-2002
  Atradu iemeslu problñmai ar klipingu. VienÆdØbai var bİt õoti liela nozØme.
  SÆku apvienoıanu un sadalØıanu pa failiem. Salaboju pÆrdevñju spraitu krÆsu
 mai·u. AtdalØti zemnieki.
24-04-2002
  Pabeidzu ar zemniekiem, atdalØju pÆrdevñjus, ubagus un rebelus.
25-04-2002
  AtdalØti sargi, Macils.
26-04-2002
  AtdalØti roboti.
27-04-2002
  Visi Strife monstri tÆkÆ bİtu atdalØti.
29-04-2002
  Hexen bija sajaukti İdens tipi.
  SakÆrtota Strife mİzika, ceru ka pareizi.
  Strife ieviesu Pickup klasi.
  Simbola virk·u, pareizÆk sakot ofsetu, saglabÆıana.
02-05-2002
  S_NULL tiek definñts klasñ Entity.
  SÆku pÆrkÆrtot Doom objektus. Visi objekti jau ir sadalØti failos.
03-05-2002
  Turpinu darbu ar Doom objektiem. VairÆkas kopñjas funkcijas tiek dublñtas.
 ArØ lØóu stÆvokõi tiek dublñti.
14-05-2002
  Doom nebiju nomainØjis PlayerPawn bÆzes klasi uz Pawn, kÆ dñõ spñlñtÆjs
 nebija noıaujams.
  SÆku eksperimentñt ar EAX.
15-05-2002
  EAX tiek aprñóinÆts telpas izmñrs.
  SÆku piestrÆdÆt pie DDF atbalsta.
  PÆrkÆrtoju klases lai nebİtu nepiecieıamØba tÆs iepriekı pieteikt.
  PÆrdñvñju SpawnState uz IdleState.
16-05-2002
  Ar papildus flagiem atbrØvojos no skripta pamatkoda atkarØbas no monstru un
 citÆm klasñm.
17-05-2002
  DDF tiek eksportñti ieroÒi.
  PiestrÆdÆju pie FArchive klases. Tagad tÆ ir globÆla, var tikt izmantota
 failu lasØıanai.
18-05-2002
  DDF korekti sÆkuma ieroÒi.
  FArchive tiek izmantots demo ierakstØıanai un lasØıanai.
  SpeciÆla funkcija spñles pazi·ojumu drukÆıanai, tie vairs nav konsoles
 pazi·ojumi un var netikt drukÆti konsolñ. Pievienoju klasi FOutputDevice,
 kurai vajadzñtu aizvietot iostream izveidoıanu.
21-05-2002
  DDF ieviestas noklusñtÆs vñrtØbas samazinot izmñrus. Ir gandrØz visi DDF
 priekımetu parametri.
24-05-2002
  Nolñmu sÆkt veidot logu sistñmu.
25-05-2002
  Izveodoju primitØvu GC klasi, pÆrnesu menu zØmñıanu caur ıo klasi. PamazÆm
 veidoju Window klasi, kautkas baigi karÆs un es nevaru saprast kÆpñc.
27-05-2002
  Atradu kÆpñc kÆrÆs. Ieviesu logu linkoto listu.
28-05-2002
  Pievienoju logu tipu, clipinga taisnstİri, kurı pagaidÆm tiek izmantots
 tikai zØñınas pozØcijÆm. Pievienoju RootWindow. ZØmñıanu veic dzinis.
29-05-2002
  Logiem pievienoju Tick funkciju, atbrØvojos no menu laika.
30-05-2002
  Pievienoju logu jİtØbu.
31-05-2002
  Pievienoju ModalWindow klasi.
06-05-2002
  No DDF tiek eksportñti uzbrukumu tipi un gandrØz visi ieroÒu parametri.
07-05-2002
  PÆrnesti visi parametri no DDFActor uz Actor, jo tie ir vajadzØgi arØ
 priekı PlayerPawn. Eksportñju benefitus. StrÆdÆjoıi uzbrukumi. VispÆr viss
 konvertñtais pamazÆm sÆk strÆdÆt.
  PÆrstrÆdÆju priekımetu pacelıanu.
08-06-2002
  PamatØgi pÆrstÆdÆti pa·emamie priekımeti. Tie tiek ieviesti DDF.
10-06-2002
  DDF priekımeti strÆdÆ. Atbalsts stÆvokõiem at citu uzbrukuma objektu.
11-06-2002
  StÆvokõi iekõauj sevØ vÆrdu, tos var atrast pñc vÆrda.
  Priekı DDF implementñtas kaudze funkciju.
  Salabots DeHackEd atbalsts.
  Hexen atdalØti raóeıu objekti.
  Windows versijÆ GUID-i tiek definñti iekı sys_win.cpp.
12-06-2002
  Pievienotas vñl pÆris funkciju priekı DDF.
13-06-2002
  Vñl pÆris lietas priekı DDF - ieroÒu pÆrslñgıana, pÆrlÆdñıana, un vñl pÆris
 sØkumu.
  KompilÆtora eksportñtajÆ klasu informÆcijÆ tiek ·emti vñrÆ arØ masØvi un
 struktİras.
14-06-2002
  Pirms relØzes ir vñl pÆris sØki labojumi.

******************************************************************************
                            VERSIJA 1.13
******************************************************************************
  